<?xml version="1.0" encoding="UTF-8"?>
<!-- Generated by org.testng.reporters.JUnitXMLReporter -->
<testsuite ignored="0" hostname="DESKTOP-K3M37NN" failures="0" tests="4" name="Gattitude Tests" time="29.055" errors="0" timestamp="2023-10-04T17:37:07 EDT">
  <testcase classname="com.gattitude.testCases.TC_01_LoginTest" name="verifyLoginWithValidCreds" time="1.423"/>
  <testcase classname="com.gattitude.testCases.TC_01_LoginTest" name="verifyLoginWithInvalidCreds" time="0.861"/>
  <testcase classname="com.gattitude.testCases.TC_02_SearchTest" name="searchItem" time="0.821"/>
  <testcase classname="com.gattitude.testCases.TC_02_SearchTest" name="searchItem" time="0.832"/>
</testsuite> <!-- Gattitude Tests -->
