<?xml version="1.0" encoding="UTF-8"?>
<!-- Generated by org.testng.reporters.JUnitXMLReporter -->
<testsuite ignored="0" hostname="DESKTOP-K3M37NN" failures="0" tests="3" name="Default test" time="21.674" errors="0" timestamp="2023-10-05T16:05:28 EDT">
  <testcase classname="com.gattitude.testCases.TC_02_SearchTest" name="searchItem" time="0.825"/>
  <testcase classname="com.gattitude.testCases.TC_02_SearchTest" name="searchItem" time="0.827"/>
  <testcase classname="com.gattitude.testCases.TC_02_SearchTest" name="searchItem" time="0.755"/>
</testsuite> <!-- Default test -->
