<?xml version="1.0" encoding="UTF-8"?>
<testng-results ignored="0" total="3" passed="3" failed="0" skipped="0">
  <reporter-output>
  </reporter-output>
  <suite started-at="2023-10-05T16:05:06 EDT" name="Default suite" finished-at="2023-10-05T16:05:28 EDT" duration-ms="21674">
    <groups>
    </groups>
    <test started-at="2023-10-05T16:05:06 EDT" name="Default test" finished-at="2023-10-05T16:05:28 EDT" duration-ms="21674">
      <class name="com.gattitude.testCases.TC_02_SearchTest">
        <test-method is-config="true" signature="setUp()[pri:0, instance:com.gattitude.testCases.TC_02_SearchTest@47eaca72]" started-at="2023-10-05T16:05:07 EDT" name="setUp" finished-at="2023-10-05T16:05:14 EDT" duration-ms="7173" status="PASS">
          <reporter-output>
          </reporter-output>
        </test-method> <!-- setUp -->
        <test-method signature="searchItem(java.lang.String,java.lang.String)[pri:0, instance:com.gattitude.testCases.TC_02_SearchTest@47eaca72]" started-at="2023-10-05T16:05:14 EDT" name="searchItem" data-provider="searchItemExcel" finished-at="2023-10-05T16:05:15 EDT" duration-ms="825" status="PASS">
          <params>
            <param index="0">
              <value>
                <![CDATA[hp]]>
              </value>
            </param>
            <param index="1">
              <value>
                <![CDATA[HP LP3065]]>
              </value>
            </param>
          </params>
          <reporter-output>
          </reporter-output>
        </test-method> <!-- searchItem -->
        <test-method is-config="true" signature="tearDown()[pri:0, instance:com.gattitude.testCases.TC_02_SearchTest@47eaca72]" started-at="2023-10-05T16:05:15 EDT" name="tearDown" finished-at="2023-10-05T16:05:16 EDT" duration-ms="342" status="PASS">
          <reporter-output>
          </reporter-output>
        </test-method> <!-- tearDown -->
        <test-method is-config="true" signature="setUp()[pri:0, instance:com.gattitude.testCases.TC_02_SearchTest@47eaca72]" started-at="2023-10-05T16:05:16 EDT" name="setUp" finished-at="2023-10-05T16:05:21 EDT" duration-ms="5045" status="PASS">
          <reporter-output>
          </reporter-output>
        </test-method> <!-- setUp -->
        <test-method signature="searchItem(java.lang.String,java.lang.String)[pri:0, instance:com.gattitude.testCases.TC_02_SearchTest@47eaca72]" started-at="2023-10-05T16:05:21 EDT" name="searchItem" data-provider="searchItemExcel" finished-at="2023-10-05T16:05:21 EDT" duration-ms="827" status="PASS">
          <params>
            <param index="0">
              <value>
                <![CDATA[canon]]>
              </value>
            </param>
            <param index="1">
              <value>
                <![CDATA[Canon EOS 5D]]>
              </value>
            </param>
          </params>
          <reporter-output>
          </reporter-output>
        </test-method> <!-- searchItem -->
        <test-method is-config="true" signature="tearDown()[pri:0, instance:com.gattitude.testCases.TC_02_SearchTest@47eaca72]" started-at="2023-10-05T16:05:21 EDT" name="tearDown" finished-at="2023-10-05T16:05:22 EDT" duration-ms="360" status="PASS">
          <reporter-output>
          </reporter-output>
        </test-method> <!-- tearDown -->
        <test-method is-config="true" signature="setUp()[pri:0, instance:com.gattitude.testCases.TC_02_SearchTest@47eaca72]" started-at="2023-10-05T16:05:22 EDT" name="setUp" finished-at="2023-10-05T16:05:27 EDT" duration-ms="4886" status="PASS">
          <reporter-output>
          </reporter-output>
        </test-method> <!-- setUp -->
        <test-method signature="searchItem(java.lang.String,java.lang.String)[pri:0, instance:com.gattitude.testCases.TC_02_SearchTest@47eaca72]" started-at="2023-10-05T16:05:27 EDT" name="searchItem" data-provider="searchItemExcel" finished-at="2023-10-05T16:05:27 EDT" duration-ms="755" status="PASS">
          <params>
            <param index="0">
              <value>
                <![CDATA[iphone]]>
              </value>
            </param>
            <param index="1">
              <value>
                <![CDATA[iPhone]]>
              </value>
            </param>
          </params>
          <reporter-output>
          </reporter-output>
        </test-method> <!-- searchItem -->
        <test-method is-config="true" signature="tearDown()[pri:0, instance:com.gattitude.testCases.TC_02_SearchTest@47eaca72]" started-at="2023-10-05T16:05:27 EDT" name="tearDown" finished-at="2023-10-05T16:05:28 EDT" duration-ms="313" status="PASS">
          <reporter-output>
          </reporter-output>
        </test-method> <!-- tearDown -->
      </class> <!-- com.gattitude.testCases.TC_02_SearchTest -->
    </test> <!-- Default test -->
  </suite> <!-- Default suite -->
</testng-results>
